2023-11-28 23:06:32,007 [INFO] Activator:176 - 


2023-11-28 23:06:32,009 [INFO] Activator:177 - !SESSION log4j initialized
2023-11-28 23:06:34,363 [INFO] LogOutputStream:77 - [STDOUT_REDIRECT] 
2023-11-28 23:06:36,747 [INFO] ApplicationProperties:184 - Using Application install path: /home/alexei/stm_soft/plugins/com.st.stm32cube.common.mx_6.9.2.202309101412
2023-11-28 23:06:36,767 [INFO] DbMcusXml:78 - Set database path to: /home/alexei/stm_soft/plugins/com.st.stm32cube.common.mx_6.9.2.202309101412//db//mcu/
2023-11-28 23:06:36,767 [INFO] ApiDb:274 - Set plugin database path to: /home/alexei/stm_soft/plugins/com.st.stm32cube.common.mx_6.9.2.202309101412//db//plugins/boardmanager/
2023-11-28 23:06:36,768 [WARN] ApiDb:259 - Overriding images path with different value:  => /home/alexei/stm_soft/plugins/com.st.stm32cube.common.mx_6.9.2.202309101412//db//plugins/mcufinder/images/
2023-11-28 23:06:36,779 [INFO] ApiDb:250 - Set database path to: /root/.stmcufinder/plugins/mcufinder//mcu/
2023-11-28 23:06:36,780 [INFO] DbMcusAds:125 - Set database path to: /root/.stmcufinder/plugins/mcufinder//mcu/
2023-11-28 23:06:36,782 [INFO] CrossReferenceDbSqlite:203 - Set database path to: /root/.stmcufinder/plugins/mcufinder//mcu/cs/
2023-11-28 23:06:36,917 [INFO] RulesReader:64 - Compatibility file has been processed (293 Rules)
2023-11-28 23:06:36,986 [INFO] DbMcusXml:78 - Set database path to: /home/alexei/stm_soft/plugins/com.st.stm32cube.common.mx_6.9.2.202309101412//db//mcu/
2023-11-28 23:06:36,987 [INFO] ApiDb:274 - Set plugin database path to: /home/alexei/stm_soft/plugins/com.st.stm32cube.common.mx_6.9.2.202309101412//db//plugins/boardmanager/
2023-11-28 23:06:36,987 [INFO] ApiDb:261 - Set plugin images path to: /home/alexei/stm_soft/plugins/com.st.stm32cube.common.mx_6.9.2.202309101412//db//plugins/mcufinder/images/
2023-11-28 23:06:36,987 [WARN] DbFile:41 - Overriding database path with different value: /root/.stmcufinder/plugins/mcufinder/ => /root/.stmcufinder/plugins/mcufinder
2023-11-28 23:06:36,987 [INFO] ApiDb:250 - Set database path to: /root/.stmcufinder/plugins/mcufinder//mcu/
2023-11-28 23:06:36,987 [WARN] DbFile:41 - Overriding database path with different value: /root/.stmcufinder/plugins/mcufinder/ => /root/.stmcufinder/plugins/mcufinder
2023-11-28 23:06:36,988 [INFO] DbMcusAds:125 - Set database path to: /root/.stmcufinder/plugins/mcufinder//mcu/
2023-11-28 23:06:36,988 [WARN] DbFile:41 - Overriding database path with different value: /root/.stmcufinder/plugins/mcufinder/ => /root/.stmcufinder/plugins/mcufinder
2023-11-28 23:06:36,988 [WARN] DbFile:41 - Overriding database path with different value: /root/.stmcufinder/plugins/mcufinder/ => /root/.stmcufinder/plugins/mcufinder
2023-11-28 23:06:36,988 [INFO] CrossReferenceDbSqlite:203 - Set database path to: /root/.stmcufinder/plugins/mcufinder//mcu/cs/
2023-11-28 23:06:37,060 [INFO] MainPanel:262 - HeapMemory: 268435456
2023-11-28 23:06:37,150 [INFO] DbMcusXml:78 - Set database path to: /home/alexei/stm_soft/plugins/com.st.stm32cube.common.mx_6.9.2.202309101412//db//mcu/
2023-11-28 23:06:37,150 [INFO] ApiDb:274 - Set plugin database path to: /home/alexei/stm_soft/plugins/com.st.stm32cube.common.mx_6.9.2.202309101412//db//plugins/boardmanager/
2023-11-28 23:06:37,150 [INFO] ApiDb:261 - Set plugin images path to: /home/alexei/stm_soft/plugins/com.st.stm32cube.common.mx_6.9.2.202309101412//db//plugins/mcufinder/images/
2023-11-28 23:06:37,150 [WARN] DbFile:41 - Overriding database path with different value: /root/.stmcufinder/plugins/mcufinder/ => /root/.stmcufinder/plugins/mcufinder
2023-11-28 23:06:37,151 [INFO] ApiDb:250 - Set database path to: /root/.stmcufinder/plugins/mcufinder//mcu/
2023-11-28 23:06:37,151 [WARN] DbFile:41 - Overriding database path with different value: /root/.stmcufinder/plugins/mcufinder/ => /root/.stmcufinder/plugins/mcufinder
2023-11-28 23:06:37,151 [INFO] DbMcusAds:125 - Set database path to: /root/.stmcufinder/plugins/mcufinder//mcu/
2023-11-28 23:06:37,151 [WARN] DbFile:41 - Overriding database path with different value: /root/.stmcufinder/plugins/mcufinder/ => /root/.stmcufinder/plugins/mcufinder
2023-11-28 23:06:37,151 [WARN] DbFile:41 - Overriding database path with different value: /root/.stmcufinder/plugins/mcufinder/ => /root/.stmcufinder/plugins/mcufinder
2023-11-28 23:06:37,151 [INFO] CrossReferenceDbSqlite:203 - Set database path to: /root/.stmcufinder/plugins/mcufinder//mcu/cs/
2023-11-28 23:06:37,167 [INFO] ApplicationProperties:184 - Using Application install path: /home/alexei/stm_soft/plugins/com.st.stm32cube.common.mx_6.9.2.202309101412
2023-11-28 23:06:37,169 [INFO] PluginManage:196 - Search for loadable plugins [exclusion list=, ]
2023-11-28 23:06:37,170 [INFO] PluginManage:310 - Check plugin analytics
2023-11-28 23:06:37,349 [INFO] AnalyticsPlugin:253 - Accepted Software Licenses: 
2023-11-28 23:06:37,350 [INFO] AnalyticsPlugin:255 - Accepted CMSIS Pack Licenses: 
2023-11-28 23:06:37,350 [INFO] AnalyticsPlugin:257 - Accepted Firmware Licenses: 
2023-11-28 23:06:37,353 [INFO] PluginManage:359 - Loaded plugin analytics (category:tool,tabindex:-1)
2023-11-28 23:06:37,353 [INFO] PluginManage:310 - Check plugin cadmodel
2023-11-28 23:06:37,421 [INFO] CADModel:105 - Init CAD model plugin
2023-11-28 23:06:37,421 [INFO] PluginManage:359 - Loaded plugin cadmodel (category:power,tabindex:5)
2023-11-28 23:06:37,421 [INFO] PluginManage:310 - Check plugin clock
2023-11-28 23:06:37,430 [INFO] PluginManage:359 - Loaded plugin clock (category:base,tabindex:2)
2023-11-28 23:06:37,430 [INFO] PluginManage:310 - Check plugin ddr
2023-11-28 23:06:37,432 [INFO] PluginManage:359 - Loaded plugin ddr (category:tool,tabindex:6)
2023-11-28 23:06:37,433 [INFO] PluginManage:310 - Check plugin filemanager
2023-11-28 23:06:37,577 [INFO] PluginManage:359 - Loaded plugin filemanager (category:base,tabindex:10)
2023-11-28 23:06:37,578 [INFO] PluginManage:310 - Check plugin ipmanager
2023-11-28 23:06:37,584 [INFO] PluginManage:359 - Loaded plugin ipmanager (category:base,tabindex:5)
2023-11-28 23:06:37,584 [INFO] PluginManage:310 - Check plugin lpbam
2023-11-28 23:06:37,593 [INFO] PluginManage:359 - Loaded plugin lpbam (category:base,tabindex:0)
2023-11-28 23:06:37,593 [INFO] PluginManage:310 - Check plugin memorymap
2023-11-28 23:06:37,605 [INFO] PluginManage:359 - Loaded plugin memorymap (category:base,tabindex:4)
2023-11-28 23:06:37,605 [INFO] PluginManage:310 - Check plugin pinoutandconfiguration
2023-11-28 23:06:37,613 [INFO] PluginManage:359 - Loaded plugin pinoutandconfiguration (category:base,tabindex:1)
2023-11-28 23:06:37,613 [INFO] PluginManage:310 - Check plugin pinoutconfig
2023-11-28 23:06:37,711 [WARN] SupportedApi:132 - Cannot load RTOS API schema: s4s-elt-must-match.1: The content of 'definitions' must match (annotation?, (simpleType | complexType)?, (unique | key | keyref)*)). A problem was found starting at: attribute.
2023-11-28 23:06:37,867 [INFO] PluginManage:359 - Loaded plugin pinoutconfig (category:base,tabindex:0)
2023-11-28 23:06:37,867 [INFO] PluginManage:310 - Check plugin power
2023-11-28 23:06:37,875 [INFO] PluginManage:359 - Loaded plugin power (category:power,tabindex:4)
2023-11-28 23:06:37,876 [INFO] PluginManage:310 - Check plugin projectmanager
2023-11-28 23:06:37,892 [INFO] PluginManage:359 - Loaded plugin projectmanager (category:projectmanager,tabindex:3)
2023-11-28 23:06:37,892 [INFO] PluginManage:310 - Check plugin thirdparty
2023-11-28 23:06:38,029 [INFO] PluginManage:359 - Loaded plugin thirdparty (category:base,tabindex:-1)
2023-11-28 23:06:38,029 [WARN] IntegrityCheckThread:84 - waiting for thirdparty lock release [integrity check]
2023-11-28 23:06:38,029 [INFO] PluginManage:310 - Check plugin tools
2023-11-28 23:06:38,029 [INFO] IntegrityCheckThread:86 - entering critical section [integrity check]
2023-11-28 23:06:38,030 [INFO] ThirdPartyUpdaterWithRetryManager:70 - Updater plugin not ready yet. [1/15]
2023-11-28 23:06:38,031 [INFO] PluginManage:359 - Loaded plugin tools (category:base,tabindex:7)
2023-11-28 23:06:38,032 [INFO] PluginManage:310 - Check plugin tutovideos
2023-11-28 23:06:38,226 [INFO] PluginManage:359 - Loaded plugin tutovideos (category:base,tabindex:-1)
2023-11-28 23:06:38,227 [INFO] PluginManage:310 - Check plugin updater
2023-11-28 23:06:38,237 [INFO] PluginManage:359 - Loaded plugin updater (category:base,tabindex:12)
2023-11-28 23:06:38,237 [INFO] PluginManage:310 - Check plugin userauth
2023-11-28 23:06:38,242 [INFO] UserAuth:113 - Init User Auth plugin
2023-11-28 23:06:38,242 [INFO] PluginManage:359 - Loaded plugin userauth (category:base,tabindex:14)
2023-11-28 23:06:38,243 [INFO] PluginManage:283 - PluginManage : Loaded plugins [17]
2023-11-28 23:06:38,459 [INFO] PinOutPanel:1499 - setPackage(No Configuration,No Configuration)
2023-11-28 23:06:38,565 [INFO] CADModel:165 - CPN selected for project level
2023-11-28 23:06:38,565 [INFO] CADModel:114 - Register for checkConnection events
2023-11-28 23:06:38,574 [INFO] IPUIPlugin:80 - create IPUIPlugin
2023-11-28 23:06:38,574 [INFO] PluginManager:220 - loadIPPluginJar : add genericplugin
2023-11-28 23:06:38,580 [INFO] IPUIPlugin:80 - create IPUIPlugin
2023-11-28 23:06:38,580 [INFO] PluginManager:220 - loadIPPluginJar : add opamp
2023-11-28 23:06:38,581 [INFO] IPUIPlugin:80 - create IPUIPlugin
2023-11-28 23:06:38,582 [INFO] PluginManager:220 - loadIPPluginJar : add ts
2023-11-28 23:06:38,583 [INFO] IPUIPlugin:80 - create IPUIPlugin
2023-11-28 23:06:38,584 [INFO] PluginManager:220 - loadIPPluginJar : add hash
2023-11-28 23:06:38,586 [INFO] IPUIPlugin:80 - create IPUIPlugin
2023-11-28 23:06:38,586 [INFO] PluginManager:220 - loadIPPluginJar : add pdm2pcm
2023-11-28 23:06:38,589 [INFO] IPUIPlugin:80 - create IPUIPlugin
2023-11-28 23:06:38,589 [INFO] PluginManager:220 - loadIPPluginJar : add dma3
2023-11-28 23:06:38,591 [INFO] IPUIPlugin:80 - create IPUIPlugin
2023-11-28 23:06:38,591 [INFO] PluginManager:220 - loadIPPluginJar : add i2c
2023-11-28 23:06:38,593 [INFO] IPUIPlugin:80 - create IPUIPlugin
2023-11-28 23:06:38,593 [INFO] PluginManager:220 - loadIPPluginJar : add comp
2023-11-28 23:06:38,594 [INFO] IPUIPlugin:80 - create IPUIPlugin
2023-11-28 23:06:38,594 [INFO] PluginManager:220 - loadIPPluginJar : add tracer_emb
2023-11-28 23:06:38,599 [INFO] IPUIPlugin:80 - create IPUIPlugin
2023-11-28 23:06:38,600 [INFO] PluginManager:220 - loadIPPluginJar : add adc
2023-11-28 23:06:38,602 [INFO] IPUIPlugin:80 - create IPUIPlugin
2023-11-28 23:06:38,603 [INFO] PluginManager:220 - loadIPPluginJar : add usbx
2023-11-28 23:06:38,605 [INFO] IPUIPlugin:80 - create IPUIPlugin
2023-11-28 23:06:38,605 [INFO] PluginManager:220 - loadIPPluginJar : add touchsensing
2023-11-28 23:06:38,611 [INFO] IPUIPlugin:80 - create IPUIPlugin
2023-11-28 23:06:38,614 [INFO] PluginManager:220 - loadIPPluginJar : add plateformsettings
2023-11-28 23:06:38,619 [INFO] IPUIPlugin:80 - create IPUIPlugin
2023-11-28 23:06:38,619 [INFO] PluginManager:220 - loadIPPluginJar : add freertos
2023-11-28 23:06:38,624 [INFO] IPUIPlugin:80 - create IPUIPlugin
2023-11-28 23:06:38,624 [INFO] PluginManager:220 - loadIPPluginJar : add stm32_wpan
2023-11-28 23:06:38,630 [INFO] IPUIPlugin:80 - create IPUIPlugin
2023-11-28 23:06:38,630 [INFO] PluginManager:220 - loadIPPluginJar : add mdma
2023-11-28 23:06:38,632 [INFO] IPUIPlugin:80 - create IPUIPlugin
2023-11-28 23:06:38,632 [INFO] PluginManager:220 - loadIPPluginJar : add gtzc
2023-11-28 23:06:38,634 [INFO] IPUIPlugin:80 - create IPUIPlugin
2023-11-28 23:06:38,634 [INFO] PluginManager:220 - loadIPPluginJar : add i2s
2023-11-28 23:06:38,638 [INFO] IPUIPlugin:80 - create IPUIPlugin
2023-11-28 23:06:38,638 [INFO] PluginManager:220 - loadIPPluginJar : add gpio
2023-11-28 23:06:38,639 [INFO] IPUIPlugin:80 - create IPUIPlugin
2023-11-28 23:06:38,639 [INFO] PluginManager:220 - loadIPPluginJar : add fatfs
2023-11-28 23:06:38,641 [INFO] IPUIPlugin:80 - create IPUIPlugin
2023-11-28 23:06:38,641 [INFO] PluginManager:220 - loadIPPluginJar : add dfsdm
2023-11-28 23:06:38,644 [INFO] IPUIPlugin:80 - create IPUIPlugin
2023-11-28 23:06:38,644 [INFO] PluginManager:220 - loadIPPluginJar : add ipddr
2023-11-28 23:06:38,646 [INFO] IPUIPlugin:80 - create IPUIPlugin
2023-11-28 23:06:38,646 [INFO] PluginManager:220 - loadIPPluginJar : add ucpd
2023-11-28 23:06:38,648 [INFO] IPUIPlugin:80 - create IPUIPlugin
2023-11-28 23:06:38,648 [INFO] PluginManager:220 - loadIPPluginJar : add openamp
2023-11-28 23:06:38,650 [INFO] IPUIPlugin:80 - create IPUIPlugin
2023-11-28 23:06:38,650 [INFO] PluginManager:220 - loadIPPluginJar : add tsc
2023-11-28 23:06:38,652 [INFO] IPUIPlugin:80 - create IPUIPlugin
2023-11-28 23:06:38,653 [INFO] PluginManager:220 - loadIPPluginJar : add usart
2023-11-28 23:06:38,655 [INFO] IPUIPlugin:80 - create IPUIPlugin
2023-11-28 23:06:38,655 [INFO] PluginManager:220 - loadIPPluginJar : add aes
2023-11-28 23:06:38,657 [INFO] IPUIPlugin:80 - create IPUIPlugin
2023-11-28 23:06:38,658 [INFO] PluginManager:220 - loadIPPluginJar : add nvic
2023-11-28 23:06:38,664 [INFO] IPUIPlugin:80 - create IPUIPlugin
2023-11-28 23:06:38,664 [INFO] PluginManager:220 - loadIPPluginJar : add linkedlist
2023-11-28 23:06:38,665 [INFO] IPUIPlugin:80 - create IPUIPlugin
2023-11-28 23:06:38,665 [INFO] PluginManager:220 - loadIPPluginJar : add quadspi
2023-11-28 23:06:38,667 [INFO] IPUIPlugin:80 - create IPUIPlugin
2023-11-28 23:06:38,668 [INFO] PluginManager:220 - loadIPPluginJar : add sai
2023-11-28 23:06:38,669 [INFO] IPUIPlugin:80 - create IPUIPlugin
2023-11-28 23:06:38,669 [INFO] PluginManager:220 - loadIPPluginJar : add ltdc
2023-11-28 23:06:38,671 [INFO] IPUIPlugin:80 - create IPUIPlugin
2023-11-28 23:06:38,671 [INFO] PluginManager:220 - loadIPPluginJar : add can
2023-11-28 23:06:38,675 [INFO] IPUIPlugin:80 - create IPUIPlugin
2023-11-28 23:06:38,676 [INFO] PluginManager:220 - loadIPPluginJar : add gic
2023-11-28 23:06:38,681 [INFO] IPUIPlugin:80 - create IPUIPlugin
2023-11-28 23:06:38,681 [INFO] PluginManager:220 - loadIPPluginJar : add dma
2023-11-28 23:06:38,683 [INFO] IPUIPlugin:80 - create IPUIPlugin
2023-11-28 23:06:38,684 [INFO] PluginManager:220 - loadIPPluginJar : add spi
2023-11-28 23:06:38,686 [INFO] IPUIPlugin:80 - create IPUIPlugin
2023-11-28 23:06:38,686 [INFO] PluginManager:220 - loadIPPluginJar : add cryp
2023-11-28 23:06:38,687 [INFO] IPUIPlugin:80 - create IPUIPlugin
2023-11-28 23:06:38,687 [INFO] PluginManager:220 - loadIPPluginJar : add tim
2023-11-28 23:06:38,689 [INFO] IPUIPlugin:80 - create IPUIPlugin
2023-11-28 23:06:38,689 [INFO] PluginManager:220 - loadIPPluginJar : add i3c
2023-11-28 23:06:38,693 [INFO] IPUIPlugin:80 - create IPUIPlugin
2023-11-28 23:06:38,693 [INFO] PluginManager:220 - loadIPPluginJar : add fmc
2023-11-28 23:06:38,695 [INFO] IPUIPlugin:80 - create IPUIPlugin
2023-11-28 23:06:38,695 [INFO] PluginManager:220 - loadIPPluginJar : add lorawan
2023-11-28 23:06:38,698 [INFO] IPUIPlugin:80 - create IPUIPlugin
2023-11-28 23:06:38,698 [INFO] PluginManager:220 - loadIPPluginJar : add resmgrutility
2023-11-28 23:06:38,699 [INFO] IPUIPlugin:80 - create IPUIPlugin
2023-11-28 23:06:38,700 [INFO] PluginManager:220 - loadIPPluginJar : add gfxmmu
2023-11-28 23:06:38,808 [INFO] CADModel:165 - CPN selected for project level
2023-11-28 23:06:38,808 [INFO] CADModel:114 - Register for checkConnection events
2023-11-28 23:06:38,808 [FATAL] Updater:308 - Updater called before beeing initialized
2023-11-28 23:06:38,808 [ERROR] CADModel:125 - Updater not yet initialized, retry later 
2023-11-28 23:06:38,952 [INFO] CADModel:165 - CPN selected for project level
2023-11-28 23:06:38,952 [INFO] CADModel:114 - Register for checkConnection events
2023-11-28 23:06:38,952 [FATAL] Updater:308 - Updater called before beeing initialized
2023-11-28 23:06:38,952 [ERROR] CADModel:125 - Updater not yet initialized, retry later 
2023-11-28 23:06:38,956 [FATAL] Updater:308 - Updater called before beeing initialized
2023-11-28 23:06:39,049 [FATAL] Updater:308 - Updater called before beeing initialized
2023-11-28 23:06:39,055 [INFO] DbMcusAds:53 - JSON generation date=Tue Mar 07 09:50:55 CET 2023 (1678179055335)
2023-11-28 23:06:39,056 [FATAL] Updater:308 - Updater called before beeing initialized
2023-11-28 23:06:39,100 [WARN] DetailPanel:346 - Failed to get advertising image, set to default
2023-11-28 23:06:39,236 [FATAL] Updater:308 - Updater called before beeing initialized
2023-11-28 23:06:39,237 [FATAL] Updater:308 - Updater called before beeing initialized
2023-11-28 23:06:39,237 [FATAL] Updater:308 - Updater called before beeing initialized
2023-11-28 23:06:39,238 [WARN] DetailPanel:346 - Failed to get advertising image, set to default
2023-11-28 23:06:39,239 [FATAL] Updater:308 - Updater called before beeing initialized
2023-11-28 23:06:39,276 [ERROR] Updater:1120 - MainUpdater not yet initialized. External WinMGr cannot be set.
2023-11-28 23:06:39,278 [INFO] Updater:1056 - Updater Version found : 6.9.2
2023-11-28 23:06:39,295 [INFO] ApplicationProperties:184 - Using Application install path: /home/alexei/stm_soft/plugins/com.st.stm32cube.common.mx_6.9.2.202309101412
2023-11-28 23:06:39,409 [INFO] MainUpdater:2868 - connection check result : 10
2023-11-28 23:06:39,410 [INFO] MainUpdater:3562 - Updater definition file requires update
2023-11-28 23:06:39,411 [INFO] MainUpdater:285 - Updater Check For Update Now.
2023-11-28 23:06:39,411 [INFO] MicroXplorer:498 - Change Database Version : DB.6.0.92
2023-11-28 23:06:39,416 [INFO] McuFinderGlobals:63 - Set McuFinder mode to 2 (CubeIDE integrated)
2023-11-28 23:06:39,425 [INFO] ServerAccessManage:473 - Download File updaters.zip
2023-11-28 23:06:39,545 [INFO] FileExtend:240 - Unzip File : updaters.zip
2023-11-28 23:06:39,545 [INFO] FileExtend:255 - Standard Zip Deflate
2023-11-28 23:06:39,797 [INFO] ServerAccessManage:473 - Download File PacksControlFlags.xml
2023-11-28 23:06:39,871 [INFO] ServerAccessManage:473 - Download File cubemx.pidx
2023-11-28 23:06:39,998 [INFO] LoadServerUpdatesThread:373 - End of LoadServerUpdate Thread
2023-11-28 23:06:40,181 [INFO] CheckServerUpdateThread:120 - End of CheckServer Thread
2023-11-28 23:06:41,179 [WARN] PackLoader:240 - Cannot read IP mode file for STMicroelectronics.X-CUBE-SMBUS.2.1.0
2023-11-28 23:06:41,237 [WARN] PackLoader:240 - Cannot read IP mode file for STMicroelectronics.X-CUBE-AZRTOS-F7.1.1.0
2023-11-28 23:06:41,259 [WARN] PackLoader:240 - Cannot read IP mode file for STMicroelectronics.FP-SNS-MOTENV1.4.3.2
2023-11-28 23:06:41,269 [WARN] PackLoader:240 - Cannot read IP mode file for STMicroelectronics.FP-SNS-FLIGHT1.5.0.2
2023-11-28 23:06:41,283 [WARN] PackLoader:240 - Cannot read IP mode file for STMicroelectronics.X-CUBE-DISPLAY.3.0.0
2023-11-28 23:06:41,303 [WARN] PackLoader:240 - Cannot read IP mode file for STMicroelectronics.X-CUBE-BLE1.7.0.0
2023-11-28 23:06:41,311 [WARN] PackLoader:240 - Cannot read IP mode file for emotas.I-CUBE-CANOPEN.1.3.0
2023-11-28 23:06:41,315 [WARN] PackLoader:240 - Cannot read IP mode file for STMicroelectronics.X-CUBE-TOUCHGFX.4.22.1
2023-11-28 23:06:41,321 [WARN] PackLoader:240 - Cannot read IP mode file for STMicroelectronics.FP-SNS-SMARTAG2.1.2.0
2023-11-28 23:06:41,338 [INFO] LogOutputStream:77 - [STDOUT_REDIRECT] 1 : Invalid condition id : UX_CORESTACK_Condition cause : null
2023-11-28 23:06:41,339 [INFO] LogOutputStream:77 - [STDOUT_REDIRECT] 1 : Invalid condition id : UX_CORESTACK_Condition cause : null
2023-11-28 23:06:41,339 [INFO] LogOutputStream:77 - [STDOUT_REDIRECT] 1 : Invalid condition id : UX_CORESTACK_Condition cause : null
2023-11-28 23:06:41,340 [INFO] LogOutputStream:77 - [STDOUT_REDIRECT] 1 : Invalid condition id : UX_CORESTACK_Condition cause : null
2023-11-28 23:06:41,340 [INFO] LogOutputStream:77 - [STDOUT_REDIRECT] 1 : Invalid condition id : UX_CORESTACK_Condition cause : null
2023-11-28 23:06:41,351 [WARN] PackLoader:240 - Cannot read IP mode file for STMicroelectronics.X-CUBE-AZRTOS-WL.2.0.0
2023-11-28 23:06:41,367 [WARN] PackLoader:240 - Cannot read IP mode file for WES.I-CUBE-Cesium.1.3.0
2023-11-28 23:06:41,374 [WARN] PackLoader:240 - Cannot read IP mode file for STMicroelectronics.X-CUBE-BLE2.3.3.0
2023-11-28 23:06:41,386 [WARN] PackLoader:240 - Cannot read IP mode file for STMicroelectronics.X-CUBE-ALGOBUILD.1.3.0
2023-11-28 23:06:41,419 [WARN] PackLoader:240 - Cannot read IP mode file for STMicroelectronics.X-CUBE-AZRTOS-G0.1.1.0
2023-11-28 23:06:41,433 [WARN] PackLoader:240 - Cannot read IP mode file for STMicroelectronics.X-CUBE-NFC4.3.0.0
2023-11-28 23:06:41,452 [WARN] PackLoader:240 - Cannot read IP mode file for STMicroelectronics.X-CUBE-BLEMGR.3.0.0
2023-11-28 23:06:41,462 [WARN] PackLoader:240 - Cannot read IP mode file for STMicroelectronics.FP-ATR-SIGFOX1.3.2.0
2023-11-28 23:06:41,469 [WARN] PackLoader:240 - Cannot read IP mode file for STMicroelectronics.X-CUBE-GNSS1.6.0.0
2023-11-28 23:06:41,503 [WARN] PackLoader:240 - Cannot read IP mode file for STMicroelectronics.X-CUBE-AZRTOS-F4.1.1.0
2023-11-28 23:06:41,515 [WARN] PackLoader:240 - Cannot read IP mode file for wolfSSL.I-CUBE-wolfSSL.5.6.4
2023-11-28 23:06:41,547 [WARN] PackLoader:240 - Cannot read IP mode file for STMicroelectronics.X-CUBE-AZRTOS-L5.2.0.0
2023-11-28 23:06:41,560 [WARN] PackLoader:240 - Cannot read IP mode file for STMicroelectronics.X-CUBE-EEPRMA1.4.2.0
2023-11-28 23:06:41,568 [WARN] PackLoader:240 - Cannot read IP mode file for ITTIA_DB.I-CUBE-ITTIADB.8.8.0
2023-11-28 23:06:41,597 [WARN] ConditionMgr:438 - getConditionDescription Invalid condition id : UX DEVICE CLASS RTOS Condition cause : null
2023-11-28 23:06:41,597 [WARN] ConditionMgr:438 - getConditionDescription Invalid condition id : UX DEVICE CLASS RTOS Condition cause : null
2023-11-28 23:06:41,606 [WARN] PackLoader:240 - Cannot read IP mode file for STMicroelectronics.X-CUBE-AZRTOS-H7.3.1.0
2023-11-28 23:06:41,632 [WARN] ConditionMgr:1039 - genDependencies : Invalid condition id : UX DEVICE CLASS RTOS Condition cause : null
2023-11-28 23:06:41,632 [WARN] ConditionMgr:1039 - genDependencies : Invalid condition id : UX DEVICE CLASS RTOS Condition cause : null
2023-11-28 23:06:41,637 [WARN] ConditionMgr:1039 - genDependencies : Invalid condition id : UX DEVICE CLASS RTOS Condition cause : null
2023-11-28 23:06:41,638 [WARN] ConditionMgr:1039 - genDependencies : Invalid condition id : UX DEVICE CLASS RTOS Condition cause : null
2023-11-28 23:06:41,638 [WARN] ConditionMgr:1039 - genDependencies : Invalid condition id : UX DEVICE CLASS RTOS Condition cause : null
2023-11-28 23:06:41,648 [WARN] PackLoader:240 - Cannot read IP mode file for STMicroelectronics.X-CUBE-NFC7.1.0.1
2023-11-28 23:06:41,660 [WARN] PackLoader:240 - Cannot read IP mode file for STMicroelectronics.X-CUBE-NFC6.3.0.0
2023-11-28 23:06:41,668 [WARN] PackLoader:240 - Cannot read IP mode file for STMicroelectronics.X-CUBE-AI.8.1.0
2023-11-28 23:06:41,696 [WARN] ConditionMgr:438 - getConditionDescription Invalid condition id : LAN8742 Phy interface Condition cause : null
2023-11-28 23:06:41,698 [WARN] PackLoader:240 - Cannot read IP mode file for STMicroelectronics.X-CUBE-AZRTOS-L4.2.0.0
2023-11-28 23:06:41,700 [WARN] ConditionMgr:1039 - genDependencies : Invalid condition id : LAN8742 Phy interface Condition cause : null
2023-11-28 23:06:41,700 [WARN] ConditionMgr:1039 - genDependencies : Invalid condition id : LAN8742 Phy interface Condition cause : null
2023-11-28 23:06:41,701 [WARN] ConditionMgr:1039 - genDependencies : Invalid condition id : LAN8742 Phy interface Condition cause : null
2023-11-28 23:06:41,718 [WARN] PackLoader:240 - Cannot read IP mode file for STMicroelectronics.X-CUBE-SFXS2LP1.4.0.0
2023-11-28 23:06:41,724 [WARN] PackLoader:240 - Cannot read IP mode file for STMicroelectronics.X-CUBE-ISPU.1.1.0
2023-11-28 23:06:41,742 [WARN] ConditionMgr:438 - getConditionDescription Invalid condition id : UX DEVICE CLASS RTOS Condition cause : null
2023-11-28 23:06:41,742 [WARN] ConditionMgr:438 - getConditionDescription Invalid condition id : UX DEVICE CLASS RTOS Condition cause : null
2023-11-28 23:06:41,745 [WARN] PackLoader:240 - Cannot read IP mode file for STMicroelectronics.X-CUBE-AZRTOS-WB.2.0.0
2023-11-28 23:06:41,746 [WARN] ConditionMgr:1039 - genDependencies : Invalid condition id : UX DEVICE CLASS RTOS Condition cause : null
2023-11-28 23:06:41,746 [WARN] ConditionMgr:1039 - genDependencies : Invalid condition id : UX DEVICE CLASS RTOS Condition cause : null
2023-11-28 23:06:41,747 [WARN] ConditionMgr:1039 - genDependencies : Invalid condition id : UX DEVICE CLASS RTOS Condition cause : null
2023-11-28 23:06:41,747 [WARN] ConditionMgr:1039 - genDependencies : Invalid condition id : UX DEVICE CLASS RTOS Condition cause : null
2023-11-28 23:06:41,748 [WARN] ConditionMgr:1039 - genDependencies : Invalid condition id : UX DEVICE CLASS RTOS Condition cause : null
2023-11-28 23:06:41,760 [WARN] PackLoader:240 - Cannot read IP mode file for STMicroelectronics.X-CUBE-SUBG2.5.0.0
2023-11-28 23:06:41,787 [WARN] PackLoader:240 - Cannot read IP mode file for STMicroelectronics.X-CUBE-TOF1.3.3.1
2023-11-28 23:06:41,820 [WARN] PackLoader:240 - Cannot read IP mode file for STMicroelectronics.X-CUBE-AZRTOS-G4.2.0.0
2023-11-28 23:06:41,836 [WARN] PackLoader:240 - Cannot read IP mode file for Infineon.AIROC-Wi-Fi-Bluetooth-STM32.1.5.1
2023-11-28 23:06:41,845 [WARN] PackLoader:240 - Cannot read IP mode file for STMicroelectronics.FP-SNS-MOTENVWB1.1.3.0
2023-11-28 23:06:41,894 [WARN] PackLoader:240 - Cannot read IP mode file for STMicroelectronics.X-CUBE-MEMS1.10.0.0
2023-11-28 23:06:42,095 [WARN] PackLoader:240 - Cannot read IP mode file for STMicroelectronics.X-CUBE-FREERTOS.1.1.0
2023-11-28 23:06:42,099 [WARN] PackLoader:240 - Cannot read IP mode file for portGmbH.I-Cube-SoM-uGOAL.1.1.0
2023-11-28 23:06:42,102 [WARN] PackLoader:240 - Cannot read IP mode file for STMicroelectronics.X-CUBE-ALS.1.0.1
2023-11-28 23:06:42,105 [WARN] PackLoader:240 - Cannot read IP mode file for STMicroelectronics.FP-ATR-ASTRA1.2.0.0
2023-11-28 23:06:42,116 [WARN] PackLoader:240 - Cannot read IP mode file for STMicroelectronics.X-CUBE-TOF1.3.4.0
2023-11-28 23:06:42,134 [INFO] ThirdParty:978 - Integrity check success = true
2023-11-28 23:06:42,134 [INFO] IntegrityCheckThread:100 - exiting critical section [integrity check]
2023-11-28 23:06:42,134 [INFO] IntegrityCheckThread:103 - End integrity checks thread
2023-11-28 23:07:00,453 [ERROR] LogOutputStream:75 - [STDERR_REDIRECT] SLF4J: Failed to load class "org.slf4j.impl.StaticLoggerBinder".
2023-11-28 23:07:00,453 [ERROR] LogOutputStream:75 - [STDERR_REDIRECT] SLF4J: Defaulting to no-operation (NOP) logger implementation
2023-11-28 23:07:00,454 [ERROR] LogOutputStream:75 - [STDERR_REDIRECT] SLF4J: See http://www.slf4j.org/codes.html#StaticLoggerBinder for further details.
